Performing C++ SOURCE FILE Test SUPPORTS_cxx_std_23 failed with the following output:
Change Dir: /home/ubuntu/Micro-XRCE-DDS-Agent/build/fastdds/src/fastdds-build/CMakeFiles/CMakeTmp

Run Build Command(s):/usr/bin/make cmTC_61595/fast && make[3]: Entering directory '/home/ubuntu/Micro-XRCE-DDS-Agent/build/fastdds/src/fastdds-build/CMakeFiles/CMakeTmp'
/usr/bin/make -f CMakeFiles/cmTC_61595.dir/build.make CMakeFiles/cmTC_61595.dir/build
make[4]: Entering directory '/home/ubuntu/Micro-XRCE-DDS-Agent/build/fastdds/src/fastdds-build/CMakeFiles/CMakeTmp'
Building CXX object CMakeFiles/cmTC_61595.dir/src.cxx.o
/usr/bin/c++    -Wall -pedantic -Wextra -Wno-unknown-pragmas -Wno-error=deprecated-declarations -Wno-psabi -DSUPPORTS_cxx_std_23   -std=c++23 -o CMakeFiles/cmTC_61595.dir/src.cxx.o -c /home/ubuntu/Micro-XRCE-DDS-Agent/build/fastdds/src/fastdds-build/CMakeFiles/CMakeTmp/src.cxx
c++: error: unrecognized command line option '-std=c++23'; did you mean '-std=c++03'?
make[4]: *** [CMakeFiles/cmTC_61595.dir/build.make:66: CMakeFiles/cmTC_61595.dir/src.cxx.o] Error 1
make[4]: Leaving directory '/home/ubuntu/Micro-XRCE-DDS-Agent/build/fastdds/src/fastdds-build/CMakeFiles/CMakeTmp'
make[3]: *** [Makefile:121: cmTC_61595/fast] Error 2
make[3]: Leaving directory '/home/ubuntu/Micro-XRCE-DDS-Agent/build/fastdds/src/fastdds-build/CMakeFiles/CMakeTmp'


Source file was:
int main() { return 0; }
Determining if the pthread_kill exist failed with the following output:
Change Dir: /home/ubuntu/Micro-XRCE-DDS-Agent/build/fastdds/src/fastdds-build/CMakeFiles/CMakeTmp

Run Build Command(s):/usr/bin/make cmTC_d296c/fast && make[3]: Entering directory '/home/ubuntu/Micro-XRCE-DDS-Agent/build/fastdds/src/fastdds-build/CMakeFiles/CMakeTmp'
/usr/bin/make -f CMakeFiles/cmTC_d296c.dir/build.make CMakeFiles/cmTC_d296c.dir/build
make[4]: Entering directory '/home/ubuntu/Micro-XRCE-DDS-Agent/build/fastdds/src/fastdds-build/CMakeFiles/CMakeTmp'
Building C object CMakeFiles/cmTC_d296c.dir/CheckSymbolExists.c.o
/usr/bin/cc    -o CMakeFiles/cmTC_d296c.dir/CheckSymbolExists.c.o   -c /home/ubuntu/Micro-XRCE-DDS-Agent/build/fastdds/src/fastdds-build/CMakeFiles/CMakeTmp/CheckSymbolExists.c
/home/ubuntu/Micro-XRCE-DDS-Agent/build/fastdds/src/fastdds-build/CMakeFiles/CMakeTmp/CheckSymbolExists.c: In function ‘main’:
/home/ubuntu/Micro-XRCE-DDS-Agent/build/fastdds/src/fastdds-build/CMakeFiles/CMakeTmp/CheckSymbolExists.c:8:19: error: ‘pthread_kill’ undeclared (first use in this function); did you mean ‘pthread_self’?
    8 |   return ((int*)(&pthread_kill))[argc];
      |                   ^~~~~~~~~~~~
      |                   pthread_self
/home/ubuntu/Micro-XRCE-DDS-Agent/build/fastdds/src/fastdds-build/CMakeFiles/CMakeTmp/CheckSymbolExists.c:8:19: note: each undeclared identifier is reported only once for each function it appears in
make[4]: *** [CMakeFiles/cmTC_d296c.dir/build.make:66: CMakeFiles/cmTC_d296c.dir/CheckSymbolExists.c.o] Error 1
make[4]: Leaving directory '/home/ubuntu/Micro-XRCE-DDS-Agent/build/fastdds/src/fastdds-build/CMakeFiles/CMakeTmp'
make[3]: *** [Makefile:121: cmTC_d296c/fast] Error 2
make[3]: Leaving directory '/home/ubuntu/Micro-XRCE-DDS-Agent/build/fastdds/src/fastdds-build/CMakeFiles/CMakeTmp'


File /home/ubuntu/Micro-XRCE-DDS-Agent/build/fastdds/src/fastdds-build/CMakeFiles/CMakeTmp/CheckSymbolExists.c:
/* */
#include <pthread.h>

int main(int argc, char** argv)
{
  (void)argv;
#ifndef pthread_kill
  return ((int*)(&pthread_kill))[argc];
#else
  (void)argc;
  return 0;
#endif
}
Determining if the function pthread_create exists in the pthreads failed with the following output:
Change Dir: /home/ubuntu/Micro-XRCE-DDS-Agent/build/fastdds/src/fastdds-build/CMakeFiles/CMakeTmp

Run Build Command(s):/usr/bin/make cmTC_7bb6a/fast && make[3]: Entering directory '/home/ubuntu/Micro-XRCE-DDS-Agent/build/fastdds/src/fastdds-build/CMakeFiles/CMakeTmp'
/usr/bin/make -f CMakeFiles/cmTC_7bb6a.dir/build.make CMakeFiles/cmTC_7bb6a.dir/build
make[4]: Entering directory '/home/ubuntu/Micro-XRCE-DDS-Agent/build/fastdds/src/fastdds-build/CMakeFiles/CMakeTmp'
Building C object CMakeFiles/cmTC_7bb6a.dir/CheckFunctionExists.c.o
/usr/bin/cc   -DCHECK_FUNCTION_EXISTS=pthread_create   -o CMakeFiles/cmTC_7bb6a.dir/CheckFunctionExists.c.o   -c /usr/share/cmake-3.16/Modules/CheckFunctionExists.c
Linking C executable cmTC_7bb6a
/usr/bin/cmake -E cmake_link_script CMakeFiles/cmTC_7bb6a.dir/link.txt --verbose=1
/usr/bin/cc  -DCHECK_FUNCTION_EXISTS=pthread_create    CMakeFiles/cmTC_7bb6a.dir/CheckFunctionExists.c.o  -o cmTC_7bb6a  -lpthreads 
/usr/bin/ld: cannot find -lpthreads
collect2: error: ld returned 1 exit status
make[4]: *** [CMakeFiles/cmTC_7bb6a.dir/build.make:87: cmTC_7bb6a] Error 1
make[4]: Leaving directory '/home/ubuntu/Micro-XRCE-DDS-Agent/build/fastdds/src/fastdds-build/CMakeFiles/CMakeTmp'
make[3]: *** [Makefile:121: cmTC_7bb6a/fast] Error 2
make[3]: Leaving directory '/home/ubuntu/Micro-XRCE-DDS-Agent/build/fastdds/src/fastdds-build/CMakeFiles/CMakeTmp'



Performing C++ SOURCE FILE Test HAS_VERSION_SCRIPT_SUPPORT failed with the following output:
Change Dir: /home/ubuntu/Micro-XRCE-DDS-Agent/build/fastdds/src/fastdds-build/CMakeFiles/CMakeTmp

Run Build Command(s):/usr/bin/make cmTC_74abe/fast && make[3]: Entering directory '/home/ubuntu/Micro-XRCE-DDS-Agent/build/fastdds/src/fastdds-build/CMakeFiles/CMakeTmp'
/usr/bin/make -f CMakeFiles/cmTC_74abe.dir/build.make CMakeFiles/cmTC_74abe.dir/build
make[4]: Entering directory '/home/ubuntu/Micro-XRCE-DDS-Agent/build/fastdds/src/fastdds-build/CMakeFiles/CMakeTmp'
Building CXX object CMakeFiles/cmTC_74abe.dir/src.cxx.o
/usr/bin/c++    -Wall -pedantic -Wextra -Wno-unknown-pragmas -Wno-error=deprecated-declarations -Wno-psabi -DHAS_VERSION_SCRIPT_SUPPORT -Wl,--version-script=/home/ubuntu/Micro-XRCE-DDS-Agent/build/fastdds/src/fastdds/src/cpp/libfastrtps.version   -std=gnu++11 -o CMakeFiles/cmTC_74abe.dir/src.cxx.o -c /home/ubuntu/Micro-XRCE-DDS-Agent/build/fastdds/src/fastdds-build/CMakeFiles/CMakeTmp/src.cxx
/home/ubuntu/Micro-XRCE-DDS-Agent/build/fastdds/src/fastdds-build/CMakeFiles/CMakeTmp/src.cxx: In function ‘int main(int, char**)’:
/home/ubuntu/Micro-XRCE-DDS-Agent/build/fastdds/src/fastdds-build/CMakeFiles/CMakeTmp/src.cxx:1:31: error: expected ‘;’ before ‘}’ token
    1 | int main(int, char**){return 0}
      |                               ^
      |                               ;
make[4]: *** [CMakeFiles/cmTC_74abe.dir/build.make:66: CMakeFiles/cmTC_74abe.dir/src.cxx.o] Error 1
make[4]: Leaving directory '/home/ubuntu/Micro-XRCE-DDS-Agent/build/fastdds/src/fastdds-build/CMakeFiles/CMakeTmp'
make[3]: *** [Makefile:121: cmTC_74abe/fast] Error 2
make[3]: Leaving directory '/home/ubuntu/Micro-XRCE-DDS-Agent/build/fastdds/src/fastdds-build/CMakeFiles/CMakeTmp'


Source file was:
int main(int, char**){return 0}
